<?xml version="1.0" encoding="UTF-8"?>
<!-- Generated by org.testng.reporters.JUnitReportReporter -->
<testsuite hostname="LAPTOP-SV8G013B" failures="0" tests="1" name="SearchTest" time="0.482" errors="0" timestamp="2022-04-04T13:50:53 IST" skipped="0">
  <testcase classname="SearchTest" name="f" time="0.482"/>
  <system-out/>
</testsuite> <!-- SearchTest -->
