<?xml version="1.0" encoding="UTF-8"?>
<!-- Generated by org.testng.reporters.JUnitReportReporter -->
<testsuite hostname="LAPTOP-SV8G013B" failures="0" tests="3" name="LoginUsingSameClass" time="11.006" errors="0" timestamp="2022-04-06T17:17:26 IST" skipped="0">
  <testcase classname="LoginUsingSameClass" name="loginTestDataDisplay" time="2.601"/>
  <system-out/>
  <testcase classname="LoginUsingSameClass" name="loginTestDataDisplay" time="4.855"/>
  <system-out/>
  <testcase classname="LoginUsingSameClass" name="loginTestDataDisplay" time="3.550"/>
  <system-out/>
</testsuite> <!-- LoginUsingSameClass -->
