<?xml version="1.0" encoding="UTF-8"?>
<!-- Generated by org.testng.reporters.JUnitReportReporter -->
<testsuite hostname="LAPTOP-SV8G013B" failures="0" tests="1" name="Logger" time="4.951" errors="0" timestamp="2022-04-06T12:44:38 IST" skipped="0">
  <testcase classname="Logger" name="logSample" time="4.951"/>
  <system-out>
    <![CDATA[Browser is opened now
Window is maximized
My Account Button Clicked
Login Button Clicked]]>
  </system-out>
</testsuite> <!-- Logger -->
