<?xml version="1.0" encoding="UTF-8"?>
<!-- Generated by org.testng.reporters.JUnitReportReporter -->
<testsuite hostname="LAPTOP-SV8G013B" failures="0" tests="1" name="ScreenShot" time="4.882" errors="0" timestamp="2022-04-06T11:30:45 IST" skipped="0">
  <testcase classname="ScreenShot" name="takescreenshot" time="4.882"/>
  <system-out/>
</testsuite> <!-- ScreenShot -->
