<?xml version="1.0" encoding="UTF-8"?>
<!-- Generated by org.testng.reporters.JUnitReportReporter -->
<testsuite hostname="LAPTOP-SV8G013B" failures="0" tests="2" name="SearchTest" time="1.726" errors="0" timestamp="2022-04-06T17:56:00 IST" skipped="0">
  <testcase classname="SearchTest" name="testArticle" time="1.405"/>
  <system-out/>
  <testcase classname="SearchTest" name="test" time="0.321"/>
  <system-out/>
</testsuite> <!-- SearchTest -->
