<?xml version="1.0" encoding="UTF-8"?>
<!-- Generated by org.testng.reporters.JUnitReportReporter -->
<testsuite hostname="LAPTOP-SV8G013B" failures="0" tests="3" name="Validation" time="0.343" errors="0" timestamp="2022-04-05T01:00:48 IST" skipped="0">
  <testcase classname="Validation" name="TopNavBarCheck" time="0.171"/>
  <system-out/>
  <testcase classname="Validation" name="HomePageCheck" time="0.057"/>
  <system-out/>
  <testcase classname="Validation" name="FooterCheck" time="0.115"/>
  <system-out/>
</testsuite> <!-- Validation -->
