<?xml version="1.0" encoding="UTF-8"?>
<!-- Generated by org.testng.reporters.JUnitReportReporter -->
<testsuite hostname="LAPTOP-SV8G013B" failures="0" tests="3" name="LoginUsingSameClass" time="0.007" errors="0" timestamp="2022-04-04T23:23:04 IST" skipped="0">
  <testcase classname="LoginUsingSameClass" name="loginTestDataDisplay" time="0.001"/>
  <system-out/>
  <testcase classname="LoginUsingSameClass" name="loginTestDataDisplay" time="0.005"/>
  <system-out/>
  <testcase classname="LoginUsingSameClass" name="loginTestDataDisplay" time="0.001"/>
  <system-out/>
</testsuite> <!-- LoginUsingSameClass -->
