<?xml version="1.0" encoding="UTF-8"?>
<!-- Generated by org.testng.reporters.JUnitReportReporter -->
<testsuite hostname="LAPTOP-SV8G013B" failures="0" tests="1" name="Prj.SearchTest" time="0.354" errors="0" timestamp="2022-04-06T19:23:56 IST" skipped="0">
  <testcase classname="Prj.SearchTest" name="test" time="0.354"/>
  <system-out/>
</testsuite> <!-- Prj.SearchTest -->
