<?xml version="1.0" encoding="UTF-8"?>
<!-- Generated by org.testng.reporters.JUnitReportReporter -->
<testsuite hostname="LAPTOP-SV8G013B" failures="0" tests="3" name="LoginUsingDiffClass2" time="9.516" errors="0" timestamp="2022-04-06T17:18:52 IST" skipped="0">
  <testcase classname="LoginUsingDiffClass2" name="loginTestDataDisplay" time="2.539"/>
  <system-out/>
  <testcase classname="LoginUsingDiffClass2" name="loginTestDataDisplay" time="4.151"/>
  <system-out/>
  <testcase classname="LoginUsingDiffClass2" name="loginTestDataDisplay" time="2.826"/>
  <system-out/>
</testsuite> <!-- LoginUsingDiffClass2 -->
