<?xml version="1.0" encoding="UTF-8"?>
<!-- Generated by org.testng.reporters.JUnitReportReporter -->
<testsuite hostname="LAPTOP-SV8G013B" failures="0" tests="1" name="ScreenShot" time="4.076" errors="0" timestamp="2022-04-04T23:53:20 IST" skipped="0">
  <testcase classname="ScreenShot" name="takescreenshot" time="4.076"/>
  <system-out/>
</testsuite> <!-- ScreenShot -->
