<?xml version="1.0" encoding="UTF-8"?>
<!-- Generated by org.testng.reporters.JUnitReportReporter -->
<testsuite hostname="LAPTOP-SV8G013B" failures="0" tests="3" name="LoginUsingDiffClass2" time="0.008" errors="0" timestamp="2022-04-04T23:33:09 IST" skipped="0">
  <testcase classname="LoginUsingDiffClass2" name="loginTestDataDisplay" time="0.001"/>
  <system-out/>
  <testcase classname="LoginUsingDiffClass2" name="loginTestDataDisplay" time="0.006"/>
  <system-out/>
  <testcase classname="LoginUsingDiffClass2" name="loginTestDataDisplay" time="0.001"/>
  <system-out/>
</testsuite> <!-- LoginUsingDiffClass2 -->
